WARNING: You're using the Ruby-based MySQL library that ships with Rails. This library is not suited for production. Please install the C-based MySQL library instead (gem install mysql).
/!\ FAILSAFE /!\  Thu Jul 17 09:46:29 -0700 2008
  Status: 500 Internal Server Error
  undefined method `auto_complete_for' for HomeController:Class
    D:/My Documents/Code/moneyonrails/app/controllers/home_controller.rb:3
    c:/program files/ruby/lib/ruby/site_ruby/1.8/rubygems/custom_require.rb:27:in `gem_original_require'
    c:/program files/ruby/lib/ruby/site_ruby/1.8/rubygems/custom_require.rb:27:in `require'
    c:/program files/ruby/lib/ruby/gems/1.8/gems/activesupport-2.0.2-/lib/active_support/dependencies.rb:496:in `require'
    c:/program files/ruby/lib/ruby/gems/1.8/gems/activesupport-2.0.2-/lib/active_support/dependencies.rb:342:in `new_constants_in'
    c:/program files/ruby/lib/ruby/gems/1.8/gems/activesupport-2.0.2-/lib/active_support/dependencies.rb:496:in `require'
    c:/program files/ruby/lib/ruby/gems/1.8/gems/activesupport-2.0.2-/lib/active_support/dependencies.rb:104:in `require_or_load'
    c:/program files/ruby/lib/ruby/gems/1.8/gems/activesupport-2.0.2-/lib/active_support/dependencies.rb:248:in `load_missing_constant'
    c:/program files/ruby/lib/ruby/gems/1.8/gems/activesupport-2.0.2-/lib/active_support/dependencies.rb:453:in `const_missing'
    c:/program files/ruby/lib/ruby/gems/1.8/gems/activesupport-2.0.2-/lib/active_support/dependencies.rb:465:in `const_missing'
    c:/program files/ruby/lib/ruby/gems/1.8/gems/activesupport-2.0.2-/lib/active_support/inflector.rb:257:in `constantize'
    c:/program files/ruby/lib/ruby/gems/1.8/gems/activesupport-2.0.2-/lib/active_support/core_ext/string/inflections.rb:148:in `constantize'
    c:/program files/ruby/lib/ruby/gems/1.8/gems/actionpack-2.0.2/lib/action_controller/routing.rb:1426:in `recognize'
    c:/program files/ruby/lib/ruby/gems/1.8/gems/actionpack-2.0.2/lib/action_controller/dispatcher.rb:170:in `handle_request'
    c:/program files/ruby/lib/ruby/gems/1.8/gems/actionpack-2.0.2/lib/action_controller/dispatcher.rb:115:in `dispatch'
    c:/program files/ruby/lib/ruby/gems/1.8/gems/actionpack-2.0.2/lib/action_controller/dispatcher.rb:126:in `dispatch_cgi'
    c:/program files/ruby/lib/ruby/gems/1.8/gems/actionpack-2.0.2/lib/action_controller/dispatcher.rb:9:in `dispatch'
    c:/program files/ruby/lib/ruby/gems/1.8/gems/mongrel-1.1.2-mswin32/bin/../lib/mongrel/rails.rb:76:in `process'
    c:/program files/ruby/lib/ruby/gems/1.8/gems/mongrel-1.1.2-mswin32/bin/../lib/mongrel/rails.rb:74:in `synchronize'
    c:/program files/ruby/lib/ruby/gems/1.8/gems/mongrel-1.1.2-mswin32/bin/../lib/mongrel/rails.rb:74:in `process'
    c:/program files/ruby/lib/ruby/gems/1.8/gems/mongrel-1.1.2-mswin32/lib/mongrel.rb:159:in `process_client'
    c:/program files/ruby/lib/ruby/gems/1.8/gems/mongrel-1.1.2-mswin32/lib/mongrel.rb:158:in `each'
    c:/program files/ruby/lib/ruby/gems/1.8/gems/mongrel-1.1.2-mswin32/lib/mongrel.rb:158:in `process_client'
    c:/program files/ruby/lib/ruby/gems/1.8/gems/mongrel-1.1.2-mswin32/lib/mongrel.rb:285:in `run'
    c:/program files/ruby/lib/ruby/gems/1.8/gems/mongrel-1.1.2-mswin32/lib/mongrel.rb:285:in `initialize'
    c:/program files/ruby/lib/ruby/gems/1.8/gems/mongrel-1.1.2-mswin32/lib/mongrel.rb:285:in `new'
    c:/program files/ruby/lib/ruby/gems/1.8/gems/mongrel-1.1.2-mswin32/lib/mongrel.rb:285:in `run'
    c:/program files/ruby/lib/ruby/gems/1.8/gems/mongrel-1.1.2-mswin32/lib/mongrel.rb:268:in `initialize'
    c:/program files/ruby/lib/ruby/gems/1.8/gems/mongrel-1.1.2-mswin32/lib/mongrel.rb:268:in `new'
    c:/program files/ruby/lib/ruby/gems/1.8/gems/mongrel-1.1.2-mswin32/lib/mongrel.rb:268:in `run'
    c:/program files/ruby/lib/ruby/gems/1.8/gems/mongrel-1.1.2-mswin32/lib/mongrel/configurator.rb:282:in `run'
    c:/program files/ruby/lib/ruby/gems/1.8/gems/mongrel-1.1.2-mswin32/lib/mongrel/configurator.rb:281:in `each'
    c:/program files/ruby/lib/ruby/gems/1.8/gems/mongrel-1.1.2-mswin32/lib/mongrel/configurator.rb:281:in `run'
    c:/program files/ruby/lib/ruby/gems/1.8/gems/mongrel-1.1.2-mswin32/bin/mongrel_rails:128:in `run'
    c:/program files/ruby/lib/ruby/gems/1.8/gems/mongrel-1.1.2-mswin32/lib/mongrel/command.rb:212:in `run'
    c:/program files/ruby/lib/ruby/gems/1.8/gems/mongrel-1.1.2-mswin32/bin/mongrel_rails:281
    c:/program files/ruby/lib/ruby/gems/1.8/gems/activesupport-2.0.2-/lib/active_support/dependencies.rb:489:in `load'
    c:/program files/ruby/lib/ruby/gems/1.8/gems/activesupport-2.0.2-/lib/active_support/dependencies.rb:489:in `load'
    c:/program files/ruby/lib/ruby/gems/1.8/gems/activesupport-2.0.2-/lib/active_support/dependencies.rb:342:in `new_constants_in'
    c:/program files/ruby/lib/ruby/gems/1.8/gems/activesupport-2.0.2-/lib/active_support/dependencies.rb:489:in `load'
    c:/program files/ruby/lib/ruby/gems/1.8/gems/rails-2.0.2-/lib/commands/servers/mongrel.rb:64
    c:/program files/ruby/lib/ruby/site_ruby/1.8/rubygems/custom_require.rb:27:in `gem_original_require'
    c:/program files/ruby/lib/ruby/site_ruby/1.8/rubygems/custom_require.rb:27:in `require'
    c:/program files/ruby/lib/ruby/gems/1.8/gems/activesupport-2.0.2-/lib/active_support/dependencies.rb:496:in `require'
    c:/program files/ruby/lib/ruby/gems/1.8/gems/activesupport-2.0.2-/lib/active_support/dependencies.rb:342:in `new_constants_in'
    c:/program files/ruby/lib/ruby/gems/1.8/gems/activesupport-2.0.2-/lib/active_support/dependencies.rb:496:in `require'
    c:/program files/ruby/lib/ruby/gems/1.8/gems/rails-2.0.2-/lib/commands/server.rb:39
    c:/program files/ruby/lib/ruby/site_ruby/1.8/rubygems/custom_require.rb:27:in `gem_original_require'
    c:/program files/ruby/lib/ruby/site_ruby/1.8/rubygems/custom_require.rb:27:in `require'
    ./script/server:3
    -e:2:in `load'
    -e:2
/!\ FAILSAFE /!\  Thu Jul 17 09:46:30 -0700 2008
  Status: 500 Internal Server Error
  Expected D:/My Documents/Code/moneyonrails/app/controllers/home_controller.rb to define HomeController
    c:/program files/ruby/lib/ruby/gems/1.8/gems/activesupport-2.0.2-/lib/active_support/dependencies.rb:249:in `load_missing_constant'
    c:/program files/ruby/lib/ruby/gems/1.8/gems/activesupport-2.0.2-/lib/active_support/dependencies.rb:453:in `const_missing'
    c:/program files/ruby/lib/ruby/gems/1.8/gems/activesupport-2.0.2-/lib/active_support/dependencies.rb:465:in `const_missing'
    c:/program files/ruby/lib/ruby/gems/1.8/gems/activesupport-2.0.2-/lib/active_support/inflector.rb:257:in `constantize'
    c:/program files/ruby/lib/ruby/gems/1.8/gems/activesupport-2.0.2-/lib/active_support/core_ext/string/inflections.rb:148:in `constantize'
    c:/program files/ruby/lib/ruby/gems/1.8/gems/actionpack-2.0.2/lib/action_controller/routing.rb:1426:in `recognize'
    c:/program files/ruby/lib/ruby/gems/1.8/gems/actionpack-2.0.2/lib/action_controller/dispatcher.rb:170:in `handle_request'
    c:/program files/ruby/lib/ruby/gems/1.8/gems/actionpack-2.0.2/lib/action_controller/dispatcher.rb:115:in `dispatch'
    c:/program files/ruby/lib/ruby/gems/1.8/gems/actionpack-2.0.2/lib/action_controller/dispatcher.rb:126:in `dispatch_cgi'
    c:/program files/ruby/lib/ruby/gems/1.8/gems/actionpack-2.0.2/lib/action_controller/dispatcher.rb:9:in `dispatch'
    c:/program files/ruby/lib/ruby/gems/1.8/gems/mongrel-1.1.2-mswin32/bin/../lib/mongrel/rails.rb:76:in `process'
    c:/program files/ruby/lib/ruby/gems/1.8/gems/mongrel-1.1.2-mswin32/bin/../lib/mongrel/rails.rb:74:in `synchronize'
    c:/program files/ruby/lib/ruby/gems/1.8/gems/mongrel-1.1.2-mswin32/bin/../lib/mongrel/rails.rb:74:in `process'
    c:/program files/ruby/lib/ruby/gems/1.8/gems/mongrel-1.1.2-mswin32/lib/mongrel.rb:159:in `process_client'
    c:/program files/ruby/lib/ruby/gems/1.8/gems/mongrel-1.1.2-mswin32/lib/mongrel.rb:158:in `each'
    c:/program files/ruby/lib/ruby/gems/1.8/gems/mongrel-1.1.2-mswin32/lib/mongrel.rb:158:in `process_client'
    c:/program files/ruby/lib/ruby/gems/1.8/gems/mongrel-1.1.2-mswin32/lib/mongrel.rb:285:in `run'
    c:/program files/ruby/lib/ruby/gems/1.8/gems/mongrel-1.1.2-mswin32/lib/mongrel.rb:285:in `initialize'
    c:/program files/ruby/lib/ruby/gems/1.8/gems/mongrel-1.1.2-mswin32/lib/mongrel.rb:285:in `new'
    c:/program files/ruby/lib/ruby/gems/1.8/gems/mongrel-1.1.2-mswin32/lib/mongrel.rb:285:in `run'
    c:/program files/ruby/lib/ruby/gems/1.8/gems/mongrel-1.1.2-mswin32/lib/mongrel.rb:268:in `initialize'
    c:/program files/ruby/lib/ruby/gems/1.8/gems/mongrel-1.1.2-mswin32/lib/mongrel.rb:268:in `new'
    c:/program files/ruby/lib/ruby/gems/1.8/gems/mongrel-1.1.2-mswin32/lib/mongrel.rb:268:in `run'
    c:/program files/ruby/lib/ruby/gems/1.8/gems/mongrel-1.1.2-mswin32/lib/mongrel/configurator.rb:282:in `run'
    c:/program files/ruby/lib/ruby/gems/1.8/gems/mongrel-1.1.2-mswin32/lib/mongrel/configurator.rb:281:in `each'
    c:/program files/ruby/lib/ruby/gems/1.8/gems/mongrel-1.1.2-mswin32/lib/mongrel/configurator.rb:281:in `run'
    c:/program files/ruby/lib/ruby/gems/1.8/gems/mongrel-1.1.2-mswin32/bin/mongrel_rails:128:in `run'
    c:/program files/ruby/lib/ruby/gems/1.8/gems/mongrel-1.1.2-mswin32/lib/mongrel/command.rb:212:in `run'
    c:/program files/ruby/lib/ruby/gems/1.8/gems/mongrel-1.1.2-mswin32/bin/mongrel_rails:281
    c:/program files/ruby/lib/ruby/gems/1.8/gems/activesupport-2.0.2-/lib/active_support/dependencies.rb:489:in `load'
    c:/program files/ruby/lib/ruby/gems/1.8/gems/activesupport-2.0.2-/lib/active_support/dependencies.rb:489:in `load'
    c:/program files/ruby/lib/ruby/gems/1.8/gems/activesupport-2.0.2-/lib/active_support/dependencies.rb:342:in `new_constants_in'
    c:/program files/ruby/lib/ruby/gems/1.8/gems/activesupport-2.0.2-/lib/active_support/dependencies.rb:489:in `load'
    c:/program files/ruby/lib/ruby/gems/1.8/gems/rails-2.0.2-/lib/commands/servers/mongrel.rb:64
    c:/program files/ruby/lib/ruby/site_ruby/1.8/rubygems/custom_require.rb:27:in `gem_original_require'
    c:/program files/ruby/lib/ruby/site_ruby/1.8/rubygems/custom_require.rb:27:in `require'
    c:/program files/ruby/lib/ruby/gems/1.8/gems/activesupport-2.0.2-/lib/active_support/dependencies.rb:496:in `require'
    c:/program files/ruby/lib/ruby/gems/1.8/gems/activesupport-2.0.2-/lib/active_support/dependencies.rb:342:in `new_constants_in'
    c:/program files/ruby/lib/ruby/gems/1.8/gems/activesupport-2.0.2-/lib/active_support/dependencies.rb:496:in `require'
    c:/program files/ruby/lib/ruby/gems/1.8/gems/rails-2.0.2-/lib/commands/server.rb:39
    c:/program files/ruby/lib/ruby/site_ruby/1.8/rubygems/custom_require.rb:27:in `gem_original_require'
    c:/program files/ruby/lib/ruby/site_ruby/1.8/rubygems/custom_require.rb:27:in `require'
    ./script/server:3
    -e:2:in `load'
    -e:2
/!\ FAILSAFE /!\  Thu Jul 17 09:46:39 -0700 2008
  Status: 500 Internal Server Error
  undefined method `auto_complete_for' for LoginController:Class
    D:/My Documents/Code/moneyonrails/app/controllers/login_controller.rb:3
    c:/program files/ruby/lib/ruby/site_ruby/1.8/rubygems/custom_require.rb:27:in `gem_original_require'
    c:/program files/ruby/lib/ruby/site_ruby/1.8/rubygems/custom_require.rb:27:in `require'
    c:/program files/ruby/lib/ruby/gems/1.8/gems/activesupport-2.0.2-/lib/active_support/dependencies.rb:496:in `require'
    c:/program files/ruby/lib/ruby/gems/1.8/gems/activesupport-2.0.2-/lib/active_support/dependencies.rb:342:in `new_constants_in'
    c:/program files/ruby/lib/ruby/gems/1.8/gems/activesupport-2.0.2-/lib/active_support/dependencies.rb:496:in `require'
    c:/program files/ruby/lib/ruby/gems/1.8/gems/activesupport-2.0.2-/lib/active_support/dependencies.rb:104:in `require_or_load'
    c:/program files/ruby/lib/ruby/gems/1.8/gems/activesupport-2.0.2-/lib/active_support/dependencies.rb:248:in `load_missing_constant'
    c:/program files/ruby/lib/ruby/gems/1.8/gems/activesupport-2.0.2-/lib/active_support/dependencies.rb:453:in `const_missing'
    c:/program files/ruby/lib/ruby/gems/1.8/gems/activesupport-2.0.2-/lib/active_support/dependencies.rb:465:in `const_missing'
    c:/program files/ruby/lib/ruby/gems/1.8/gems/activesupport-2.0.2-/lib/active_support/inflector.rb:257:in `constantize'
    c:/program files/ruby/lib/ruby/gems/1.8/gems/activesupport-2.0.2-/lib/active_support/core_ext/string/inflections.rb:148:in `constantize'
    c:/program files/ruby/lib/ruby/gems/1.8/gems/actionpack-2.0.2/lib/action_controller/routing.rb:1426:in `recognize'
    c:/program files/ruby/lib/ruby/gems/1.8/gems/actionpack-2.0.2/lib/action_controller/dispatcher.rb:170:in `handle_request'
    c:/program files/ruby/lib/ruby/gems/1.8/gems/actionpack-2.0.2/lib/action_controller/dispatcher.rb:115:in `dispatch'
    c:/program files/ruby/lib/ruby/gems/1.8/gems/actionpack-2.0.2/lib/action_controller/dispatcher.rb:126:in `dispatch_cgi'
    c:/program files/ruby/lib/ruby/gems/1.8/gems/actionpack-2.0.2/lib/action_controller/dispatcher.rb:9:in `dispatch'
    c:/program files/ruby/lib/ruby/gems/1.8/gems/mongrel-1.1.2-mswin32/bin/../lib/mongrel/rails.rb:76:in `process'
    c:/program files/ruby/lib/ruby/gems/1.8/gems/mongrel-1.1.2-mswin32/bin/../lib/mongrel/rails.rb:74:in `synchronize'
    c:/program files/ruby/lib/ruby/gems/1.8/gems/mongrel-1.1.2-mswin32/bin/../lib/mongrel/rails.rb:74:in `process'
    c:/program files/ruby/lib/ruby/gems/1.8/gems/mongrel-1.1.2-mswin32/lib/mongrel.rb:159:in `process_client'
    c:/program files/ruby/lib/ruby/gems/1.8/gems/mongrel-1.1.2-mswin32/lib/mongrel.rb:158:in `each'
    c:/program files/ruby/lib/ruby/gems/1.8/gems/mongrel-1.1.2-mswin32/lib/mongrel.rb:158:in `process_client'
    c:/program files/ruby/lib/ruby/gems/1.8/gems/mongrel-1.1.2-mswin32/lib/mongrel.rb:285:in `run'
    c:/program files/ruby/lib/ruby/gems/1.8/gems/mongrel-1.1.2-mswin32/lib/mongrel.rb:285:in `initialize'
    c:/program files/ruby/lib/ruby/gems/1.8/gems/mongrel-1.1.2-mswin32/lib/mongrel.rb:285:in `new'
    c:/program files/ruby/lib/ruby/gems/1.8/gems/mongrel-1.1.2-mswin32/lib/mongrel.rb:285:in `run'
    c:/program files/ruby/lib/ruby/gems/1.8/gems/mongrel-1.1.2-mswin32/lib/mongrel.rb:268:in `initialize'
    c:/program files/ruby/lib/ruby/gems/1.8/gems/mongrel-1.1.2-mswin32/lib/mongrel.rb:268:in `new'
    c:/program files/ruby/lib/ruby/gems/1.8/gems/mongrel-1.1.2-mswin32/lib/mongrel.rb:268:in `run'
    c:/program files/ruby/lib/ruby/gems/1.8/gems/mongrel-1.1.2-mswin32/lib/mongrel/configurator.rb:282:in `run'
    c:/program files/ruby/lib/ruby/gems/1.8/gems/mongrel-1.1.2-mswin32/lib/mongrel/configurator.rb:281:in `each'
    c:/program files/ruby/lib/ruby/gems/1.8/gems/mongrel-1.1.2-mswin32/lib/mongrel/configurator.rb:281:in `run'
    c:/program files/ruby/lib/ruby/gems/1.8/gems/mongrel-1.1.2-mswin32/bin/mongrel_rails:128:in `run'
    c:/program files/ruby/lib/ruby/gems/1.8/gems/mongrel-1.1.2-mswin32/lib/mongrel/command.rb:212:in `run'
    c:/program files/ruby/lib/ruby/gems/1.8/gems/mongrel-1.1.2-mswin32/bin/mongrel_rails:281
    c:/program files/ruby/lib/ruby/gems/1.8/gems/activesupport-2.0.2-/lib/active_support/dependencies.rb:489:in `load'
    c:/program files/ruby/lib/ruby/gems/1.8/gems/activesupport-2.0.2-/lib/active_support/dependencies.rb:489:in `load'
    c:/program files/ruby/lib/ruby/gems/1.8/gems/activesupport-2.0.2-/lib/active_support/dependencies.rb:342:in `new_constants_in'
    c:/program files/ruby/lib/ruby/gems/1.8/gems/activesupport-2.0.2-/lib/active_support/dependencies.rb:489:in `load'
    c:/program files/ruby/lib/ruby/gems/1.8/gems/rails-2.0.2-/lib/commands/servers/mongrel.rb:64
    c:/program files/ruby/lib/ruby/site_ruby/1.8/rubygems/custom_require.rb:27:in `gem_original_require'
    c:/program files/ruby/lib/ruby/site_ruby/1.8/rubygems/custom_require.rb:27:in `require'
    c:/program files/ruby/lib/ruby/gems/1.8/gems/activesupport-2.0.2-/lib/active_support/dependencies.rb:496:in `require'
    c:/program files/ruby/lib/ruby/gems/1.8/gems/activesupport-2.0.2-/lib/active_support/dependencies.rb:342:in `new_constants_in'
    c:/program files/ruby/lib/ruby/gems/1.8/gems/activesupport-2.0.2-/lib/active_support/dependencies.rb:496:in `require'
    c:/program files/ruby/lib/ruby/gems/1.8/gems/rails-2.0.2-/lib/commands/server.rb:39
    c:/program files/ruby/lib/ruby/site_ruby/1.8/rubygems/custom_require.rb:27:in `gem_original_require'
    c:/program files/ruby/lib/ruby/site_ruby/1.8/rubygems/custom_require.rb:27:in `require'
    ./script/server:3
    -e:2:in `load'
    -e:2
/!\ FAILSAFE /!\  Thu Jul 17 09:46:42 -0700 2008
  Status: 500 Internal Server Error
  Expected D:/My Documents/Code/moneyonrails/app/controllers/login_controller.rb to define LoginController
    c:/program files/ruby/lib/ruby/gems/1.8/gems/activesupport-2.0.2-/lib/active_support/dependencies.rb:249:in `load_missing_constant'
    c:/program files/ruby/lib/ruby/gems/1.8/gems/activesupport-2.0.2-/lib/active_support/dependencies.rb:453:in `const_missing'
    c:/program files/ruby/lib/ruby/gems/1.8/gems/activesupport-2.0.2-/lib/active_support/dependencies.rb:465:in `const_missing'
    c:/program files/ruby/lib/ruby/gems/1.8/gems/activesupport-2.0.2-/lib/active_support/inflector.rb:257:in `constantize'
    c:/program files/ruby/lib/ruby/gems/1.8/gems/activesupport-2.0.2-/lib/active_support/core_ext/string/inflections.rb:148:in `constantize'
    c:/program files/ruby/lib/ruby/gems/1.8/gems/actionpack-2.0.2/lib/action_controller/routing.rb:1426:in `recognize'
    c:/program files/ruby/lib/ruby/gems/1.8/gems/actionpack-2.0.2/lib/action_controller/dispatcher.rb:170:in `handle_request'
    c:/program files/ruby/lib/ruby/gems/1.8/gems/actionpack-2.0.2/lib/action_controller/dispatcher.rb:115:in `dispatch'
    c:/program files/ruby/lib/ruby/gems/1.8/gems/actionpack-2.0.2/lib/action_controller/dispatcher.rb:126:in `dispatch_cgi'
    c:/program files/ruby/lib/ruby/gems/1.8/gems/actionpack-2.0.2/lib/action_controller/dispatcher.rb:9:in `dispatch'
    c:/program files/ruby/lib/ruby/gems/1.8/gems/mongrel-1.1.2-mswin32/bin/../lib/mongrel/rails.rb:76:in `process'
    c:/program files/ruby/lib/ruby/gems/1.8/gems/mongrel-1.1.2-mswin32/bin/../lib/mongrel/rails.rb:74:in `synchronize'
    c:/program files/ruby/lib/ruby/gems/1.8/gems/mongrel-1.1.2-mswin32/bin/../lib/mongrel/rails.rb:74:in `process'
    c:/program files/ruby/lib/ruby/gems/1.8/gems/mongrel-1.1.2-mswin32/lib/mongrel.rb:159:in `process_client'
    c:/program files/ruby/lib/ruby/gems/1.8/gems/mongrel-1.1.2-mswin32/lib/mongrel.rb:158:in `each'
    c:/program files/ruby/lib/ruby/gems/1.8/gems/mongrel-1.1.2-mswin32/lib/mongrel.rb:158:in `process_client'
    c:/program files/ruby/lib/ruby/gems/1.8/gems/mongrel-1.1.2-mswin32/lib/mongrel.rb:285:in `run'
    c:/program files/ruby/lib/ruby/gems/1.8/gems/mongrel-1.1.2-mswin32/lib/mongrel.rb:285:in `initialize'
    c:/program files/ruby/lib/ruby/gems/1.8/gems/mongrel-1.1.2-mswin32/lib/mongrel.rb:285:in `new'
    c:/program files/ruby/lib/ruby/gems/1.8/gems/mongrel-1.1.2-mswin32/lib/mongrel.rb:285:in `run'
    c:/program files/ruby/lib/ruby/gems/1.8/gems/mongrel-1.1.2-mswin32/lib/mongrel.rb:268:in `initialize'
    c:/program files/ruby/lib/ruby/gems/1.8/gems/mongrel-1.1.2-mswin32/lib/mongrel.rb:268:in `new'
    c:/program files/ruby/lib/ruby/gems/1.8/gems/mongrel-1.1.2-mswin32/lib/mongrel.rb:268:in `run'
    c:/program files/ruby/lib/ruby/gems/1.8/gems/mongrel-1.1.2-mswin32/lib/mongrel/configurator.rb:282:in `run'
    c:/program files/ruby/lib/ruby/gems/1.8/gems/mongrel-1.1.2-mswin32/lib/mongrel/configurator.rb:281:in `each'
    c:/program files/ruby/lib/ruby/gems/1.8/gems/mongrel-1.1.2-mswin32/lib/mongrel/configurator.rb:281:in `run'
    c:/program files/ruby/lib/ruby/gems/1.8/gems/mongrel-1.1.2-mswin32/bin/mongrel_rails:128:in `run'
    c:/program files/ruby/lib/ruby/gems/1.8/gems/mongrel-1.1.2-mswin32/lib/mongrel/command.rb:212:in `run'
    c:/program files/ruby/lib/ruby/gems/1.8/gems/mongrel-1.1.2-mswin32/bin/mongrel_rails:281
    c:/program files/ruby/lib/ruby/gems/1.8/gems/activesupport-2.0.2-/lib/active_support/dependencies.rb:489:in `load'
    c:/program files/ruby/lib/ruby/gems/1.8/gems/activesupport-2.0.2-/lib/active_support/dependencies.rb:489:in `load'
    c:/program files/ruby/lib/ruby/gems/1.8/gems/activesupport-2.0.2-/lib/active_support/dependencies.rb:342:in `new_constants_in'
    c:/program files/ruby/lib/ruby/gems/1.8/gems/activesupport-2.0.2-/lib/active_support/dependencies.rb:489:in `load'
    c:/program files/ruby/lib/ruby/gems/1.8/gems/rails-2.0.2-/lib/commands/servers/mongrel.rb:64
    c:/program files/ruby/lib/ruby/site_ruby/1.8/rubygems/custom_require.rb:27:in `gem_original_require'
    c:/program files/ruby/lib/ruby/site_ruby/1.8/rubygems/custom_require.rb:27:in `require'
    c:/program files/ruby/lib/ruby/gems/1.8/gems/activesupport-2.0.2-/lib/active_support/dependencies.rb:496:in `require'
    c:/program files/ruby/lib/ruby/gems/1.8/gems/activesupport-2.0.2-/lib/active_support/dependencies.rb:342:in `new_constants_in'
    c:/program files/ruby/lib/ruby/gems/1.8/gems/activesupport-2.0.2-/lib/active_support/dependencies.rb:496:in `require'
    c:/program files/ruby/lib/ruby/gems/1.8/gems/rails-2.0.2-/lib/commands/server.rb:39
    c:/program files/ruby/lib/ruby/site_ruby/1.8/rubygems/custom_require.rb:27:in `gem_original_require'
    c:/program files/ruby/lib/ruby/site_ruby/1.8/rubygems/custom_require.rb:27:in `require'
    ./script/server:3
    -e:2:in `load'
    -e:2
